<?xml version="1.0" encoding="UTF-8" ?>
<testsuite tests="25" failures="0" name="Runner.SearchTest" time="4.759" errors="0" skipped="0">
  <properties>
[...]
</properties>
  <testcase classname="| &quot;Sweden&quot; | &quot;leica-geosystems.com/sv-se&quot; |" name="Given User is on Bing &quot;Sweden&quot; home page" time="0.003"/>
  <testcase classname="| &quot;Sweden&quot; | &quot;leica-geosystems.com/sv-se&quot; |" name="And User accepts cookie" time="0"/>
  <testcase classname="| &quot;Sweden&quot; | &quot;leica-geosystems.com/sv-se&quot; |" name="When User searches for &quot;leica geosystems&quot;" time="0"/>
  <testcase classname="| &quot;Sweden&quot; | &quot;leica-geosystems.com/sv-se&quot; |" name="And Verify that &quot;leica-geosystems.com/sv-se&quot; comes up as the first search result" time="0"/>
  <testcase classname="| &quot;Sweden&quot; | &quot;leica-geosystems.com/sv-se&quot; |" name="| &quot;Sweden&quot; | &quot;leica-geosystems.com/sv-se&quot; |" time="0.925"/>
  <testcase classname="| &quot;UK&quot; | &quot;leica-geosystems.com&quot; |" name="Given User is on Bing &quot;UK&quot; home page" time="0"/>
  <testcase classname="| &quot;UK&quot; | &quot;leica-geosystems.com&quot; |" name="And User accepts cookie" time="0"/>
  <testcase classname="| &quot;UK&quot; | &quot;leica-geosystems.com&quot; |" name="When User searches for &quot;leica geosystems&quot;" time="0"/>
  <testcase classname="| &quot;UK&quot; | &quot;leica-geosystems.com&quot; |" name="And Verify that &quot;leica-geosystems.com&quot; comes up as the first search result" time="0"/>
  <testcase classname="| &quot;UK&quot; | &quot;leica-geosystems.com&quot; |" name="| &quot;UK&quot; | &quot;leica-geosystems.com&quot; |" time="0.921"/>
  <testcase classname="| &quot;France&quot; | &quot;leica-geosystems.com/fr-FR&quot; |" name="Given User is on Bing &quot;France&quot; home page" time="0"/>
  <testcase classname="| &quot;France&quot; | &quot;leica-geosystems.com/fr-FR&quot; |" name="And User accepts cookie" time="0"/>
  <testcase classname="| &quot;France&quot; | &quot;leica-geosystems.com/fr-FR&quot; |" name="When User searches for &quot;leica geosystems&quot;" time="0"/>
  <testcase classname="| &quot;France&quot; | &quot;leica-geosystems.com/fr-FR&quot; |" name="And Verify that &quot;leica-geosystems.com/fr-FR&quot; comes up as the first search result" time="0"/>
  <testcase classname="| &quot;France&quot; | &quot;leica-geosystems.com/fr-FR&quot; |" name="| &quot;France&quot; | &quot;leica-geosystems.com/fr-FR&quot; |" time="0.897"/>
  <testcase classname="| &quot;Germany&quot; | &quot;leica-geosystems.com/de-de&quot; |" name="Given User is on Bing &quot;Germany&quot; home page" time="0"/>
  <testcase classname="| &quot;Germany&quot; | &quot;leica-geosystems.com/de-de&quot; |" name="And User accepts cookie" time="0"/>
  <testcase classname="| &quot;Germany&quot; | &quot;leica-geosystems.com/de-de&quot; |" name="When User searches for &quot;leica geosystems&quot;" time="0"/>
  <testcase classname="| &quot;Germany&quot; | &quot;leica-geosystems.com/de-de&quot; |" name="And Verify that &quot;leica-geosystems.com/de-de&quot; comes up as the first search result" time="0"/>
  <testcase classname="| &quot;Germany&quot; | &quot;leica-geosystems.com/de-de&quot; |" name="| &quot;Germany&quot; | &quot;leica-geosystems.com/de-de&quot; |" time="1.183"/>
  <testcase classname="Scenario: Searching from Bing home page" name="Given User is on Bing home page" time="0"/>
  <testcase classname="Scenario: Searching from Bing home page" name="And User accepts cookie" time="0"/>
  <testcase classname="Scenario: Searching from Bing home page" name="When User searches for &quot;leica geosystems&quot;" time="0"/>
  <testcase classname="Scenario: Searching from Bing home page" name="And Verify that &quot;leica-geosystems.com&quot; comes up as the first search result" time="0"/>
  <testcase classname="Scenario: Searching from Bing home page" name="Scenario: Searching from Bing home page" time="0.83"/>
</testsuite>